<?xml version="1.0" encoding="UTF-8"?>
<!-- Generated by org.testng.reporters.JUnitXMLReporter -->
<testsuite hostname="Sohels-MacBook-Air.local" name="Test" tests="3" failures="2" timestamp="17 Nov 2019 12:54:39 GMT" time="1.254" errors="0">
  <testcase name="Verifylinks" time="1.02" classname="com.test.tests.Homepagetest">
    <failure type="java.lang.AssertionError" message="expected:&amp;lt;Create new account&amp;gt; but was:&amp;lt;Welcome Back!&amp;gt;">
      <![CDATA[java.lang.AssertionError: expected:<Create new account> but was:<Welcome Back!>
	at com.test.tests.Homepagetest.Verifylinks(Homepagetest.java:39)
... Removed 26 stack frames]]>
    </failure>
  </testcase> <!-- Verifylinks -->
  <testcase name="Verifytexts" time="0.037" classname="com.test.tests.Homepagetest"/>
  <testcase name="login_test" time="0.003" classname="com.test.tests.Login">
    <failure type="org.openqa.selenium.NoSuchSessionException" message="Session ID is null. Using WebDriver after calling quit()?
Build info: version: &amp;apos;3.141.59&amp;apos;, revision: &amp;apos;e82be7d358&amp;apos;, time: &amp;apos;2018-11-14T08:17:03&amp;apos;
System info: host: &amp;apos;Sohels-MacBook-Air.local&amp;apos;, ip: &amp;apos;fe80:0:0:0:10c6:c009:57d:9851%en0&amp;apos;, os.name: &amp;apos;Mac OS X&amp;apos;, os.arch: &amp;apos;x86_64&amp;apos;, os.version: &amp;apos;10.15.1&amp;apos;, java.version: &amp;apos;1.8.0_231&amp;apos;
Driver info: driver.version: RemoteWebDriver">
      <![CDATA[org.openqa.selenium.NoSuchSessionException: Session ID is null. Using WebDriver after calling quit()?
Build info: version: '3.141.59', revision: 'e82be7d358', time: '2018-11-14T08:17:03'
System info: host: 'Sohels-MacBook-Air.local', ip: 'fe80:0:0:0:10c6:c009:57d:9851%en0', os.name: 'Mac OS X', os.arch: 'x86_64', os.version: '10.15.1', java.version: '1.8.0_231'
Driver info: driver.version: RemoteWebDriver
	at org.openqa.selenium.remote.HttpCommandExecutor.execute(HttpCommandExecutor.java:125)
	at org.openqa.selenium.remote.service.DriverCommandExecutor.execute(DriverCommandExecutor.java:83)
	at org.openqa.selenium.remote.RemoteWebDriver.execute(RemoteWebDriver.java:552)
	at org.openqa.selenium.remote.RemoteWebDriver.findElement(RemoteWebDriver.java:323)
	at org.openqa.selenium.remote.RemoteWebDriver.findElementByLinkText(RemoteWebDriver.java:380)
	at org.openqa.selenium.By$ByLinkText.findElement(By.java:220)
	at org.openqa.selenium.remote.RemoteWebDriver.findElement(RemoteWebDriver.java:315)
	at org.openqa.selenium.support.pagefactory.DefaultElementLocator.findElement(DefaultElementLocator.java:69)
	at org.openqa.selenium.support.pagefactory.internal.LocatingElementHandler.invoke(LocatingElementHandler.java:38)
	at com.sun.proxy.$Proxy8.click(Unknown Source)
	at com.test.pages.homepage.loginlink(homepage.java:20)
	at com.test.tests.Login.login_test(Login.java:26)
... Removed 24 stack frames]]>
    </failure>
  </testcase> <!-- login_test -->
</testsuite> <!-- Test -->
